{"C:\\Users\\HPr\\Desktop\\fullstack-todo\\backend\\app.js": {"path":"C:\\Users\\HPr\\Desktop\\fullstack-todo\\backend\\app.js","statementMap":{"0":{"start":{"line":1,"column":16},"end":{"line":1,"column":34}},"1":{"start":{"line":2,"column":13},"end":{"line":2,"column":28}},"2":{"start":{"line":3,"column":19},"end":{"line":3,"column":43}},"3":{"start":{"line":4,"column":19},"end":{"line":4,"column":44}},"4":{"start":{"line":6,"column":12},"end":{"line":6,"column":21}},"5":{"start":{"line":7,"column":0},"end":{"line":7,"column":16}},"6":{"start":{"line":8,"column":0},"end":{"line":8,"column":24}},"7":{"start":{"line":10,"column":0},"end":{"line":10,"column":30}},"8":{"start":{"line":11,"column":0},"end":{"line":11,"column":30}},"9":{"start":{"line":13,"column":0},"end":{"line":13,"column":21}}},"fnMap":{},"branchMap":{},"s":{"0":1,"1":1,"2":1,"3":1,"4":1,"5":1,"6":1,"7":1,"8":1,"9":1},"f":{},"b":{},"_coverageSchema":"1a1c01bbd47fc00a2c39e90264f33305004495a9","hash":"2ac4db09fc73cb3013ddc2ed7a060c508a438a85"}
,"C:\\Users\\HPr\\Desktop\\fullstack-todo\\backend\\routes\\auth.js": {"path":"C:\\Users\\HPr\\Desktop\\fullstack-todo\\backend\\routes\\auth.js","statementMap":{"0":{"start":{"line":1,"column":16},"end":{"line":1,"column":34}},"1":{"start":{"line":2,"column":15},"end":{"line":2,"column":31}},"2":{"start":{"line":4,"column":0},"end":{"line":11,"column":3}},"3":{"start":{"line":5,"column":30},"end":{"line":5,"column":38}},"4":{"start":{"line":6,"column":2},"end":{"line":10,"column":3}},"5":{"start":{"line":7,"column":4},"end":{"line":7,"column":50}},"6":{"start":{"line":9,"column":4},"end":{"line":9,"column":59}},"7":{"start":{"line":13,"column":0},"end":{"line":13,"column":24}}},"fnMap":{"0":{"name":"(anonymous_0)","decl":{"start":{"line":4,"column":17},"end":{"line":4,"column":18}},"loc":{"start":{"line":4,"column":31},"end":{"line":11,"column":1}},"line":4}},"branchMap":{"0":{"loc":{"start":{"line":6,"column":2},"end":{"line":10,"column":3}},"type":"if","locations":[{"start":{"line":6,"column":2},"end":{"line":10,"column":3}},{"start":{"line":8,"column":9},"end":{"line":10,"column":3}}],"line":6},"1":{"loc":{"start":{"line":6,"column":6},"end":{"line":6,"column":57}},"type":"binary-expr","locations":[{"start":{"line":6,"column":6},"end":{"line":6,"column":34}},{"start":{"line":6,"column":38},"end":{"line":6,"column":57}}],"line":6}},"s":{"0":1,"1":1,"2":1,"3":2,"4":2,"5":1,"6":1,"7":1},"f":{"0":2},"b":{"0":[1,1],"1":[2,1]},"_coverageSchema":"1a1c01bbd47fc00a2c39e90264f33305004495a9","hash":"00362627f3e1434fe1cbad5c43f059e8af35274c"}
,"C:\\Users\\HPr\\Desktop\\fullstack-todo\\backend\\routes\\todos.js": {"path":"C:\\Users\\HPr\\Desktop\\fullstack-todo\\backend\\routes\\todos.js","statementMap":{"0":{"start":{"line":1,"column":16},"end":{"line":1,"column":34}},"1":{"start":{"line":2,"column":15},"end":{"line":2,"column":31}},"2":{"start":{"line":4,"column":12},"end":{"line":4,"column":14}},"3":{"start":{"line":5,"column":9},"end":{"line":5,"column":10}},"4":{"start":{"line":7,"column":0},"end":{"line":7,"column":47}},"5":{"start":{"line":7,"column":30},"end":{"line":7,"column":45}},"6":{"start":{"line":9,"column":0},"end":{"line":13,"column":3}},"7":{"start":{"line":10,"column":15},"end":{"line":10,"column":48}},"8":{"start":{"line":11,"column":2},"end":{"line":11,"column":19}},"9":{"start":{"line":12,"column":2},"end":{"line":12,"column":29}},"10":{"start":{"line":15,"column":0},"end":{"line":20,"column":3}},"11":{"start":{"line":16,"column":15},"end":{"line":16,"column":53}},"12":{"start":{"line":16,"column":31},"end":{"line":16,"column":52}},"13":{"start":{"line":17,"column":2},"end":{"line":17,"column":65}},"14":{"start":{"line":17,"column":13},"end":{"line":17,"column":65}},"15":{"start":{"line":18,"column":2},"end":{"line":18,"column":28}},"16":{"start":{"line":19,"column":2},"end":{"line":19,"column":17}},"17":{"start":{"line":22,"column":0},"end":{"line":30,"column":3}},"18":{"start":{"line":23,"column":13},"end":{"line":23,"column":36}},"19":{"start":{"line":24,"column":16},"end":{"line":24,"column":55}},"20":{"start":{"line":24,"column":40},"end":{"line":24,"column":54}},"21":{"start":{"line":25,"column":2},"end":{"line":27,"column":3}},"22":{"start":{"line":26,"column":4},"end":{"line":26,"column":31}},"23":{"start":{"line":28,"column":2},"end":{"line":28,"column":25}},"24":{"start":{"line":29,"column":2},"end":{"line":29,"column":22}},"25":{"start":{"line":33,"column":0},"end":{"line":33,"column":24}}},"fnMap":{"0":{"name":"(anonymous_0)","decl":{"start":{"line":7,"column":16},"end":{"line":7,"column":17}},"loc":{"start":{"line":7,"column":30},"end":{"line":7,"column":45}},"line":7},"1":{"name":"(anonymous_1)","decl":{"start":{"line":9,"column":17},"end":{"line":9,"column":18}},"loc":{"start":{"line":9,"column":31},"end":{"line":13,"column":1}},"line":9},"2":{"name":"(anonymous_2)","decl":{"start":{"line":15,"column":19},"end":{"line":15,"column":20}},"loc":{"start":{"line":15,"column":33},"end":{"line":20,"column":1}},"line":15},"3":{"name":"(anonymous_3)","decl":{"start":{"line":16,"column":26},"end":{"line":16,"column":27}},"loc":{"start":{"line":16,"column":31},"end":{"line":16,"column":52}},"line":16},"4":{"name":"(anonymous_4)","decl":{"start":{"line":22,"column":22},"end":{"line":22,"column":23}},"loc":{"start":{"line":22,"column":36},"end":{"line":30,"column":1}},"line":22},"5":{"name":"(anonymous_5)","decl":{"start":{"line":24,"column":32},"end":{"line":24,"column":33}},"loc":{"start":{"line":24,"column":40},"end":{"line":24,"column":54}},"line":24}},"branchMap":{"0":{"loc":{"start":{"line":17,"column":2},"end":{"line":17,"column":65}},"type":"if","locations":[{"start":{"line":17,"column":2},"end":{"line":17,"column":65}},{"start":{},"end":{}}],"line":17},"1":{"loc":{"start":{"line":25,"column":2},"end":{"line":27,"column":3}},"type":"if","locations":[{"start":{"line":25,"column":2},"end":{"line":27,"column":3}},{"start":{},"end":{}}],"line":25}},"s":{"0":1,"1":1,"2":1,"3":1,"4":1,"5":1,"6":1,"7":3,"8":3,"9":3,"10":1,"11":2,"12":3,"13":2,"14":1,"15":1,"16":1,"17":1,"18":2,"19":2,"20":3,"21":2,"22":1,"23":1,"24":1,"25":1},"f":{"0":1,"1":3,"2":2,"3":3,"4":2,"5":3},"b":{"0":[1,1],"1":[1,1]},"_coverageSchema":"1a1c01bbd47fc00a2c39e90264f33305004495a9","hash":"824c98f5d3e806126ae48b73c120b08da3c5d640"}
}
